<?xml version="1.0" encoding="UTF-8"?>
<!-- Generated by org.testng.reporters.JUnitReportReporter -->
<testsuite hostname="Amits-MacBook-Air.local" failures="0" tests="1" name="com.test.AcceptanceIT" time="60.793" errors="0" timestamp="10 May 2022 00:15:25 GMT" skipped="0">
  <testcase classname="com.test.AcceptanceIT" name="parallelRun" time="60.793"/>
</testsuite> <!-- com.test.AcceptanceIT -->
